/*C4*/SET SCHEMA PUBLIC
INSERT INTO EXERCICE_MENSUEL VALUES(0,0.0E0,'2017-06-01','2017-06-30')
COMMIT
INSERT INTO EXERCICE_MENSUEL VALUES(1,0.0E0,'2017-07-01','2017-07-31')
COMMIT
INSERT INTO EXERCICE_MENSUEL VALUES(2,0.0E0,'2017-08-01','2017-08-31')
COMMIT
INSERT INTO TRIMESTRE VALUES(0,0,1,2)
COMMIT
INSERT INTO CONFIGURATION VALUES(0,'2017-06-09',0)
COMMIT
DELETE FROM CONFIGURATION WHERE ID=0
INSERT INTO CONFIGURATION VALUES(0,'2017-06-09',0)
COMMIT
INSERT INTO COMPTE VALUES(0,'compte joint',5000.0E0,FALSE,TRUE)
COMMIT
INSERT INTO TEMPLATE VALUES(0,'caf',222.17E0,'RESSOURCE','MENSUEL',0,0,NULL)
COMMIT
INSERT INTO OPERATION VALUES(0,'alimentaire',100.0E0,'DEPENSE','PREVISION',0,NULL,0)
COMMIT
DELETE FROM COMPTE WHERE ID=0
INSERT INTO COMPTE VALUES(0,'compte joint',4900.0E0,FALSE,TRUE)
COMMIT
DELETE FROM OPERATION WHERE ID=0
INSERT INTO OPERATION VALUES(0,'alimentaire',100.0E0,'DEPENSE','PRISE_EN_COMPTE',0,NULL,0)
COMMIT
DELETE FROM COMPTE WHERE ID=0
INSERT INTO COMPTE VALUES(0,'compte joint',5000.0E0,FALSE,TRUE)
COMMIT
DELETE FROM OPERATION WHERE ID=0
INSERT INTO OPERATION VALUES(0,'alimentaire',100.0E0,'DEPENSE','PREVISION',0,NULL,0)
COMMIT
DELETE FROM COMPTE WHERE ID=0
INSERT INTO COMPTE VALUES(0,'compte joint',4900.0E0,FALSE,TRUE)
COMMIT
DELETE FROM OPERATION WHERE ID=0
INSERT INTO OPERATION VALUES(0,'alimentaire',100.0E0,'DEPENSE','PRISE_EN_COMPTE',0,NULL,0)
COMMIT
DELETE FROM COMPTE WHERE ID=0
INSERT INTO COMPTE VALUES(0,'compte joint',5000.0E0,FALSE,TRUE)
COMMIT
DELETE FROM OPERATION WHERE ID=0
INSERT INTO OPERATION VALUES(0,'alimentaire',100.0E0,'DEPENSE','PREVISION',0,NULL,0)
COMMIT
INSERT INTO OPERATION VALUES(1,'coiffeur',16.0E0,'DEPENSE','PREVISION',0,NULL,0)
COMMIT
